
D, [2016-06-03T17:21:19.391110 #5265] DEBUG -- :   [1m[36m (0.2ms)[0m  [1mBEGIN[0m
D, [2016-06-03T17:21:19.397504 #5265] DEBUG -- :   [1m[35mSQL (0.5ms)[0m  INSERT INTO "raws" ("pacote", "created_at", "updated_at") VALUES ($1, $2, $3) RETURNING "id"  [["pacote", "<999903005E000202053F3F070A0A0C0C0F0F1111141619191C1C1E1E212123212323262628282B2B2D2D3030330F01020304050607580A0B0C0D0E0E0F1011121314E01617189245F52200B4042D37E98915CC000000000000676700022B7E>"], ["created_at", "2016-06-03 17:21:19.393331"], ["updated_at", "2016-06-03 17:21:19.393331"]]
D, [2016-06-03T17:21:19.419096 #5265] DEBUG -- :   [1m[36m (21.1ms)[0m  [1mCOMMIT[0m
D, [2016-06-09T10:22:30.121843 #5432] DEBUG -- :   [1m[36mSaida Load (19.4ms)[0m  [1mSELECT  "saidas".* FROM "saidas" WHERE (cancelado = 'f' and data_processamento is NULL)  ORDER BY "saidas"."id" ASC LIMIT 1[0m
D, [2016-06-09T10:22:42.654082 #5429] DEBUG -- :   [1m[36m (0.2ms)[0m  [1mBEGIN[0m
D, [2016-06-09T10:22:42.687535 #5429] DEBUG -- :   [1m[35mSQL (13.8ms)[0m  INSERT INTO "raws" ("pacote", "created_at", "updated_at") VALUES ($1, $2, $3) RETURNING "id"  [["pacote", "<0028>"], ["created_at", "2016-06-09 10:22:42.669809"], ["updated_at", "2016-06-09 10:22:42.669809"]]
D, [2016-06-09T10:22:42.709307 #5429] DEBUG -- :   [1m[36m (21.2ms)[0m  [1mCOMMIT[0m
D, [2016-06-09T10:23:00.163999 #5432] DEBUG -- :   [1m[35mSaida Load (0.6ms)[0m  SELECT  "saidas".* FROM "saidas" WHERE (cancelado = 'f' and data_processamento is NULL)  ORDER BY "saidas"."id" ASC LIMIT 1
D, [2016-06-09T10:23:30.195692 #5432] DEBUG -- :   [1m[36mSaida Load (0.6ms)[0m  [1mSELECT  "saidas".* FROM "saidas" WHERE (cancelado = 'f' and data_processamento is NULL)  ORDER BY "saidas"."id" ASC LIMIT 1[0m
D, [2016-06-09T10:24:00.227424 #5432] DEBUG -- :   [1m[35mSaida Load (0.6ms)[0m  SELECT  "saidas".* FROM "saidas" WHERE (cancelado = 'f' and data_processamento is NULL)  ORDER BY "saidas"."id" ASC LIMIT 1
D, [2016-06-09T10:24:30.259145 #5432] DEBUG -- :   [1m[36mSaida Load (0.6ms)[0m  [1mSELECT  "saidas".* FROM "saidas" WHERE (cancelado = 'f' and data_processamento is NULL)  ORDER BY "saidas"."id" ASC LIMIT 1[0m
D, [2016-06-09T10:25:00.276777 #5432] DEBUG -- :   [1m[35mSaida Load (0.6ms)[0m  SELECT  "saidas".* FROM "saidas" WHERE (cancelado = 'f' and data_processamento is NULL)  ORDER BY "saidas"."id" ASC LIMIT 1
D, [2016-06-09T10:25:30.282197 #5432] DEBUG -- :   [1m[36mSaida Load (0.6ms)[0m  [1mSELECT  "saidas".* FROM "saidas" WHERE (cancelado = 'f' and data_processamento is NULL)  ORDER BY "saidas"."id" ASC LIMIT 1[0m
D, [2016-06-09T10:26:00.287268 #5432] DEBUG -- :   [1m[35mSaida Load (0.6ms)[0m  SELECT  "saidas".* FROM "saidas" WHERE (cancelado = 'f' and data_processamento is NULL)  ORDER BY "saidas"."id" ASC LIMIT 1
D, [2016-06-09T10:26:30.292665 #5432] DEBUG -- :   [1m[36mSaida Load (0.6ms)[0m  [1mSELECT  "saidas".* FROM "saidas" WHERE (cancelado = 'f' and data_processamento is NULL)  ORDER BY "saidas"."id" ASC LIMIT 1[0m
D, [2016-06-09T10:27:00.297972 #5432] DEBUG -- :   [1m[35mSaida Load (0.6ms)[0m  SELECT  "saidas".* FROM "saidas" WHERE (cancelado = 'f' and data_processamento is NULL)  ORDER BY "saidas"."id" ASC LIMIT 1
D, [2016-06-09T10:27:30.303139 #5432] DEBUG -- :   [1m[36mSaida Load (0.6ms)[0m  [1mSELECT  "saidas".* FROM "saidas" WHERE (cancelado = 'f' and data_processamento is NULL)  ORDER BY "saidas"."id" ASC LIMIT 1[0m
D, [2016-06-09T10:28:00.308372 #5432] DEBUG -- :   [1m[35mSaida Load (0.6ms)[0m  SELECT  "saidas".* FROM "saidas" WHERE (cancelado = 'f' and data_processamento is NULL)  ORDER BY "saidas"."id" ASC LIMIT 1
D, [2016-06-09T10:28:30.313517 #5432] DEBUG -- :   [1m[36mSaida Load (0.6ms)[0m  [1mSELECT  "saidas".* FROM "saidas" WHERE (cancelado = 'f' and data_processamento is NULL)  ORDER BY "saidas"."id" ASC LIMIT 1[0m
D, [2016-06-09T10:29:00.345218 #5432] DEBUG -- :   [1m[35mSaida Load (0.6ms)[0m  SELECT  "saidas".* FROM "saidas" WHERE (cancelado = 'f' and data_processamento is NULL)  ORDER BY "saidas"."id" ASC LIMIT 1
D, [2016-06-09T10:29:30.376921 #5432] DEBUG -- :   [1m[36mSaida Load (0.6ms)[0m  [1mSELECT  "saidas".* FROM "saidas" WHERE (cancelado = 'f' and data_processamento is NULL)  ORDER BY "saidas"."id" ASC LIMIT 1[0m
D, [2016-06-09T10:30:00.400427 #5432] DEBUG -- :   [1m[35mSaida Load (0.5ms)[0m  SELECT  "saidas".* FROM "saidas" WHERE (cancelado = 'f' and data_processamento is NULL)  ORDER BY "saidas"."id" ASC LIMIT 1
D, [2016-06-09T10:30:30.432151 #5432] DEBUG -- :   [1m[36mSaida Load (0.6ms)[0m  [1mSELECT  "saidas".* FROM "saidas" WHERE (cancelado = 'f' and data_processamento is NULL)  ORDER BY "saidas"."id" ASC LIMIT 1[0m
D, [2016-06-09T10:31:00.463828 #5432] DEBUG -- :   [1m[35mSaida Load (0.6ms)[0m  SELECT  "saidas".* FROM "saidas" WHERE (cancelado = 'f' and data_processamento is NULL)  ORDER BY "saidas"."id" ASC LIMIT 1
D, [2016-06-09T10:31:30.495602 #5432] DEBUG -- :   [1m[36mSaida Load (0.6ms)[0m  [1mSELECT  "saidas".* FROM "saidas" WHERE (cancelado = 'f' and data_processamento is NULL)  ORDER BY "saidas"."id" ASC LIMIT 1[0m
D, [2016-06-09T10:32:00.527249 #5432] DEBUG -- :   [1m[35mSaida Load (0.6ms)[0m  SELECT  "saidas".* FROM "saidas" WHERE (cancelado = 'f' and data_processamento is NULL)  ORDER BY "saidas"."id" ASC LIMIT 1
D, [2016-06-09T10:32:30.558964 #5432] DEBUG -- :   [1m[36mSaida Load (0.6ms)[0m  [1mSELECT  "saidas".* FROM "saidas" WHERE (cancelado = 'f' and data_processamento is NULL)  ORDER BY "saidas"."id" ASC LIMIT 1[0m
D, [2016-06-09T10:33:00.583531 #5432] DEBUG -- :   [1m[35mSaida Load (0.5ms)[0m  SELECT  "saidas".* FROM "saidas" WHERE (cancelado = 'f' and data_processamento is NULL)  ORDER BY "saidas"."id" ASC LIMIT 1
D, [2016-06-09T10:33:30.615300 #5432] DEBUG -- :   [1m[36mSaida Load (0.6ms)[0m  [1mSELECT  "saidas".* FROM "saidas" WHERE (cancelado = 'f' and data_processamento is NULL)  ORDER BY "saidas"."id" ASC LIMIT 1[0m
D, [2016-06-09T10:34:00.619006 #5432] DEBUG -- :   [1m[35mSaida Load (0.6ms)[0m  SELECT  "saidas".* FROM "saidas" WHERE (cancelado = 'f' and data_processamento is NULL)  ORDER BY "saidas"."id" ASC LIMIT 1
D, [2016-06-09T10:34:30.650753 #5432] DEBUG -- :   [1m[36mSaida Load (0.6ms)[0m  [1mSELECT  "saidas".* FROM "saidas" WHERE (cancelado = 'f' and data_processamento is NULL)  ORDER BY "saidas"."id" ASC LIMIT 1[0m
D, [2016-06-09T10:35:00.682421 #5432] DEBUG -- :   [1m[35mSaida Load (0.6ms)[0m  SELECT  "saidas".* FROM "saidas" WHERE (cancelado = 'f' and data_processamento is NULL)  ORDER BY "saidas"."id" ASC LIMIT 1
D, [2016-06-09T10:35:30.714259 #5432] DEBUG -- :   [1m[36mSaida Load (0.6ms)[0m  [1mSELECT  "saidas".* FROM "saidas" WHERE (cancelado = 'f' and data_processamento is NULL)  ORDER BY "saidas"."id" ASC LIMIT 1[0m
D, [2016-06-09T10:36:00.745904 #5432] DEBUG -- :   [1m[35mSaida Load (0.6ms)[0m  SELECT  "saidas".* FROM "saidas" WHERE (cancelado = 'f' and data_processamento is NULL)  ORDER BY "saidas"."id" ASC LIMIT 1
D, [2016-06-09T10:36:30.776964 #5432] DEBUG -- :   [1m[36mSaida Load (0.7ms)[0m  [1mSELECT  "saidas".* FROM "saidas" WHERE (cancelado = 'f' and data_processamento is NULL)  ORDER BY "saidas"."id" ASC LIMIT 1[0m
D, [2016-06-09T10:37:00.808268 #5432] DEBUG -- :   [1m[35mSaida Load (0.4ms)[0m  SELECT  "saidas".* FROM "saidas" WHERE (cancelado = 'f' and data_processamento is NULL)  ORDER BY "saidas"."id" ASC LIMIT 1
D, [2016-06-09T10:37:30.839911 #5432] DEBUG -- :   [1m[36mSaida Load (0.6ms)[0m  [1mSELECT  "saidas".* FROM "saidas" WHERE (cancelado = 'f' and data_processamento is NULL)  ORDER BY "saidas"."id" ASC LIMIT 1[0m
D, [2016-06-09T10:38:00.846211 #5432] DEBUG -- :   [1m[35mSaida Load (0.6ms)[0m  SELECT  "saidas".* FROM "saidas" WHERE (cancelado = 'f' and data_processamento is NULL)  ORDER BY "saidas"."id" ASC LIMIT 1
D, [2016-06-09T10:38:30.877674 #5432] DEBUG -- :   [1m[36mSaida Load (0.5ms)[0m  [1mSELECT  "saidas".* FROM "saidas" WHERE (cancelado = 'f' and data_processamento is NULL)  ORDER BY "saidas"."id" ASC LIMIT 1[0m
D, [2016-06-09T10:39:00.881650 #5432] DEBUG -- :   [1m[35mSaida Load (0.5ms)[0m  SELECT  "saidas".* FROM "saidas" WHERE (cancelado = 'f' and data_processamento is NULL)  ORDER BY "saidas"."id" ASC LIMIT 1
D, [2016-06-09T10:39:30.911930 #5432] DEBUG -- :   [1m[36mSaida Load (0.6ms)[0m  [1mSELECT  "saidas".* FROM "saidas" WHERE (cancelado = 'f' and data_processamento is NULL)  ORDER BY "saidas"."id" ASC LIMIT 1[0m
D, [2016-06-09T10:40:00.934716 #5432] DEBUG -- :   [1m[35mSaida Load (0.6ms)[0m  SELECT  "saidas".* FROM "saidas" WHERE (cancelado = 'f' and data_processamento is NULL)  ORDER BY "saidas"."id" ASC LIMIT 1
D, [2016-06-09T10:40:30.939467 #5432] DEBUG -- :   [1m[36mSaida Load (0.5ms)[0m  [1mSELECT  "saidas".* FROM "saidas" WHERE (cancelado = 'f' and data_processamento is NULL)  ORDER BY "saidas"."id" ASC LIMIT 1[0m
D, [2016-06-09T10:41:00.961861 #5432] DEBUG -- :   [1m[35mSaida Load (0.6ms)[0m  SELECT  "saidas".* FROM "saidas" WHERE (cancelado = 'f' and data_processamento is NULL)  ORDER BY "saidas"."id" ASC LIMIT 1
D, [2016-06-09T10:41:30.993537 #5432] DEBUG -- :   [1m[36mSaida Load (0.6ms)[0m  [1mSELECT  "saidas".* FROM "saidas" WHERE (cancelado = 'f' and data_processamento is NULL)  ORDER BY "saidas"."id" ASC LIMIT 1[0m
D, [2016-06-09T10:42:01.004565 #5432] DEBUG -- :   [1m[35mSaida Load (0.6ms)[0m  SELECT  "saidas".* FROM "saidas" WHERE (cancelado = 'f' and data_processamento is NULL)  ORDER BY "saidas"."id" ASC LIMIT 1
D, [2016-06-09T10:42:31.017133 #5432] DEBUG -- :   [1m[36mSaida Load (0.5ms)[0m  [1mSELECT  "saidas".* FROM "saidas" WHERE (cancelado = 'f' and data_processamento is NULL)  ORDER BY "saidas"."id" ASC LIMIT 1[0m
D, [2016-06-09T10:42:52.696941 #5565] DEBUG -- :   [1m[36m (0.2ms)[0m  [1mBEGIN[0m
D, [2016-06-09T10:42:52.702738 #5565] DEBUG -- :   [1m[35mSQL (0.4ms)[0m  INSERT INTO "raws" ("pacote", "created_at", "updated_at") VALUES ($1, $2, $3) RETURNING "id"  [["pacote", "<0028>"], ["created_at", "2016-06-09 10:42:52.698891"], ["updated_at", "2016-06-09 10:42:52.698891"]]
D, [2016-06-09T10:42:52.713086 #5565] DEBUG -- :   [1m[36m (9.9ms)[0m  [1mCOMMIT[0m
D, [2016-06-09T10:42:56.442842 #5565] DEBUG -- :   [1m[35m (0.2ms)[0m  BEGIN
D, [2016-06-09T10:42:56.444165 #5565] DEBUG -- :   [1m[36mSQL (0.3ms)[0m  [1mINSERT INTO "raws" ("pacote", "created_at", "updated_at") VALUES ($1, $2, $3) RETURNING "id"[0m  [["pacote", "<0000>"], ["created_at", "2016-06-09 10:42:56.443022"], ["updated_at", "2016-06-09 10:42:56.443022"]]
D, [2016-06-09T10:42:56.464036 #5565] DEBUG -- :   [1m[35m (19.4ms)[0m  COMMIT
D, [2016-06-09T10:42:58.737368 #5565] DEBUG -- :   [1m[36m (0.2ms)[0m  [1mBEGIN[0m
D, [2016-06-09T10:42:58.738602 #5565] DEBUG -- :   [1m[35mSQL (0.4ms)[0m  INSERT INTO "raws" ("pacote", "created_at", "updated_at") VALUES ($1, $2, $3) RETURNING "id"  [["pacote", "<0028>"], ["created_at", "2016-06-09 10:42:58.737542"], ["updated_at", "2016-06-09 10:42:58.737542"]]
D, [2016-06-09T10:42:58.749186 #5565] DEBUG -- :   [1m[36m (10.1ms)[0m  [1mCOMMIT[0m
D, [2016-06-09T10:43:03.681403 #5565] DEBUG -- :   [1m[35m (0.2ms)[0m  BEGIN
D, [2016-06-09T10:43:03.682768 #5565] DEBUG -- :   [1m[36mSQL (0.4ms)[0m  [1mINSERT INTO "raws" ("pacote", "created_at", "updated_at") VALUES ($1, $2, $3) RETURNING "id"[0m  [["pacote", "<0031>"], ["created_at", "2016-06-09 10:43:03.681586"], ["updated_at", "2016-06-09 10:43:03.681586"]]
D, [2016-06-09T10:43:03.708767 #5565] DEBUG -- :   [1m[35m (25.5ms)[0m  COMMIT
D, [2016-06-09T10:43:26.499543 #5568] DEBUG -- :   [1m[36mSaida Load (0.9ms)[0m  [1mSELECT  "saidas".* FROM "saidas" WHERE (cancelado = 'f' and data_processamento is NULL)  ORDER BY "saidas"."id" ASC LIMIT 1[0m
D, [2016-06-09T10:43:28.107126 #5565] DEBUG -- :   [1m[36m (0.3ms)[0m  [1mBEGIN[0m
D, [2016-06-09T10:43:28.108440 #5565] DEBUG -- :   [1m[35mSQL (0.4ms)[0m  INSERT INTO "raws" ("pacote", "created_at", "updated_at") VALUES ($1, $2, $3) RETURNING "id"  [["pacote", "<0000>"], ["created_at", "2016-06-09 10:43:28.107298"], ["updated_at", "2016-06-09 10:43:28.107298"]]
D, [2016-06-09T10:43:28.126402 #5565] DEBUG -- :   [1m[36m (17.5ms)[0m  [1mCOMMIT[0m
D, [2016-06-09T10:43:56.534889 #5568] DEBUG -- :   [1m[35mSaida Load (0.6ms)[0m  SELECT  "saidas".* FROM "saidas" WHERE (cancelado = 'f' and data_processamento is NULL)  ORDER BY "saidas"."id" ASC LIMIT 1
D, [2016-06-09T10:44:26.564513 #5568] DEBUG -- :   [1m[36mSaida Load (0.6ms)[0m  [1mSELECT  "saidas".* FROM "saidas" WHERE (cancelado = 'f' and data_processamento is NULL)  ORDER BY "saidas"."id" ASC LIMIT 1[0m
D, [2016-06-09T10:44:56.595217 #5568] DEBUG -- :   [1m[35mSaida Load (0.6ms)[0m  SELECT  "saidas".* FROM "saidas" WHERE (cancelado = 'f' and data_processamento is NULL)  ORDER BY "saidas"."id" ASC LIMIT 1
D, [2016-06-09T10:45:26.624507 #5568] DEBUG -- :   [1m[36mSaida Load (0.6ms)[0m  [1mSELECT  "saidas".* FROM "saidas" WHERE (cancelado = 'f' and data_processamento is NULL)  ORDER BY "saidas"."id" ASC LIMIT 1[0m
D, [2016-06-09T10:45:56.655761 #5568] DEBUG -- :   [1m[35mSaida Load (0.6ms)[0m  SELECT  "saidas".* FROM "saidas" WHERE (cancelado = 'f' and data_processamento is NULL)  ORDER BY "saidas"."id" ASC LIMIT 1
D, [2016-06-09T10:46:26.687522 #5568] DEBUG -- :   [1m[36mSaida Load (0.6ms)[0m  [1mSELECT  "saidas".* FROM "saidas" WHERE (cancelado = 'f' and data_processamento is NULL)  ORDER BY "saidas"."id" ASC LIMIT 1[0m
D, [2016-06-09T10:46:56.719219 #5568] DEBUG -- :   [1m[35mSaida Load (0.6ms)[0m  SELECT  "saidas".* FROM "saidas" WHERE (cancelado = 'f' and data_processamento is NULL)  ORDER BY "saidas"."id" ASC LIMIT 1
D, [2016-06-09T10:47:26.737860 #5568] DEBUG -- :   [1m[36mSaida Load (0.5ms)[0m  [1mSELECT  "saidas".* FROM "saidas" WHERE (cancelado = 'f' and data_processamento is NULL)  ORDER BY "saidas"."id" ASC LIMIT 1[0m
D, [2016-06-09T10:47:56.749350 #5568] DEBUG -- :   [1m[35mSaida Load (0.6ms)[0m  SELECT  "saidas".* FROM "saidas" WHERE (cancelado = 'f' and data_processamento is NULL)  ORDER BY "saidas"."id" ASC LIMIT 1
D, [2016-06-09T10:48:26.752857 #5568] DEBUG -- :   [1m[36mSaida Load (0.7ms)[0m  [1mSELECT  "saidas".* FROM "saidas" WHERE (cancelado = 'f' and data_processamento is NULL)  ORDER BY "saidas"."id" ASC LIMIT 1[0m
D, [2016-06-09T10:48:56.784388 #5568] DEBUG -- :   [1m[35mSaida Load (0.6ms)[0m  SELECT  "saidas".* FROM "saidas" WHERE (cancelado = 'f' and data_processamento is NULL)  ORDER BY "saidas"."id" ASC LIMIT 1
D, [2016-06-09T10:49:26.791551 #5568] DEBUG -- :   [1m[36mSaida Load (0.6ms)[0m  [1mSELECT  "saidas".* FROM "saidas" WHERE (cancelado = 'f' and data_processamento is NULL)  ORDER BY "saidas"."id" ASC LIMIT 1[0m
D, [2016-06-09T10:49:56.823192 #5568] DEBUG -- :   [1m[35mSaida Load (0.6ms)[0m  SELECT  "saidas".* FROM "saidas" WHERE (cancelado = 'f' and data_processamento is NULL)  ORDER BY "saidas"."id" ASC LIMIT 1
D, [2016-06-09T10:50:19.991098 #5632] DEBUG -- :   [1m[36m (0.2ms)[0m  [1mBEGIN[0m
D, [2016-06-09T10:50:19.996981 #5632] DEBUG -- :   [1m[35mSQL (0.5ms)[0m  INSERT INTO "raws" ("pacote", "created_at", "updated_at") VALUES ($1, $2, $3) RETURNING "id"  [["pacote", "<0028>"], ["created_at", "2016-06-09 10:50:19.993073"], ["updated_at", "2016-06-09 10:50:19.993073"]]
D, [2016-06-09T10:50:20.011362 #5632] DEBUG -- :   [1m[36m (13.9ms)[0m  [1mCOMMIT[0m
D, [2016-06-09T10:50:53.515259 #5635] DEBUG -- :   [1m[36mSaida Load (1.0ms)[0m  [1mSELECT  "saidas".* FROM "saidas" WHERE (cancelado = 'f' and data_processamento is NULL)  ORDER BY "saidas"."id" ASC LIMIT 1[0m
D, [2016-06-09T10:51:33.420476 #5655] DEBUG -- :   [1m[36m (0.2ms)[0m  [1mBEGIN[0m
D, [2016-06-09T10:51:33.426687 #5655] DEBUG -- :   [1m[35mSQL (0.5ms)[0m  INSERT INTO "raws" ("pacote", "created_at", "updated_at") VALUES ($1, $2, $3) RETURNING "id"  [["pacote", "<0000>"], ["created_at", "2016-06-09 10:51:33.422339"], ["updated_at", "2016-06-09 10:51:33.422339"]]
D, [2016-06-09T10:51:33.446133 #5655] DEBUG -- :   [1m[36m (18.9ms)[0m  [1mCOMMIT[0m
D, [2016-06-09T10:52:03.451360 #5658] DEBUG -- :   [1m[36mSaida Load (1.5ms)[0m  [1mSELECT  "saidas".* FROM "saidas" WHERE (cancelado = 'f' and data_processamento is NULL)  ORDER BY "saidas"."id" ASC LIMIT 1[0m
D, [2016-06-09T10:52:33.474244 #5658] DEBUG -- :   [1m[35mSaida Load (0.6ms)[0m  SELECT  "saidas".* FROM "saidas" WHERE (cancelado = 'f' and data_processamento is NULL)  ORDER BY "saidas"."id" ASC LIMIT 1
D, [2016-06-09T10:53:07.837222 #5675] DEBUG -- :   [1m[36m (0.2ms)[0m  [1mBEGIN[0m
D, [2016-06-09T10:53:07.843429 #5675] DEBUG -- :   [1m[35mSQL (0.5ms)[0m  INSERT INTO "raws" ("pacote", "created_at", "updated_at") VALUES ($1, $2, $3) RETURNING "id"  [["pacote", "<0000>"], ["created_at", "2016-06-09 10:53:07.839034"], ["updated_at", "2016-06-09 10:53:07.839034"]]
D, [2016-06-09T10:53:07.862109 #5675] DEBUG -- :   [1m[36m (18.2ms)[0m  [1mCOMMIT[0m
D, [2016-06-09T10:53:27.629041 #5675] DEBUG -- :   [1m[35m (0.2ms)[0m  BEGIN
D, [2016-06-09T10:53:27.630340 #5675] DEBUG -- :   [1m[36mSQL (0.3ms)[0m  [1mINSERT INTO "raws" ("pacote", "created_at", "updated_at") VALUES ($1, $2, $3) RETURNING "id"[0m  [["pacote", "<0028>"], ["created_at", "2016-06-09 10:53:27.629219"], ["updated_at", "2016-06-09 10:53:27.629219"]]
D, [2016-06-09T10:53:27.651286 #5675] DEBUG -- :   [1m[35m (20.4ms)[0m  COMMIT
D, [2016-06-09T10:53:34.485279 #5675] DEBUG -- :   [1m[36m (0.2ms)[0m  [1mBEGIN[0m
D, [2016-06-09T10:53:34.486570 #5675] DEBUG -- :   [1m[35mSQL (0.4ms)[0m  INSERT INTO "raws" ("pacote", "created_at", "updated_at") VALUES ($1, $2, $3) RETURNING "id"  [["pacote", "<0032>"], ["created_at", "2016-06-09 10:53:34.485452"], ["updated_at", "2016-06-09 10:53:34.485452"]]
D, [2016-06-09T10:53:34.498716 #5675] DEBUG -- :   [1m[36m (11.7ms)[0m  [1mCOMMIT[0m
D, [2016-06-09T10:53:37.864470 #5679] DEBUG -- :   [1m[36mSaida Load (1.0ms)[0m  [1mSELECT  "saidas".* FROM "saidas" WHERE (cancelado = 'f' and data_processamento is NULL)  ORDER BY "saidas"."id" ASC LIMIT 1[0m
D, [2016-06-09T10:54:13.565976 #5694] DEBUG -- :   [1m[36m (0.2ms)[0m  [1mBEGIN[0m
D, [2016-06-09T10:54:13.572231 #5694] DEBUG -- :   [1m[35mSQL (0.4ms)[0m  INSERT INTO "raws" ("pacote", "created_at", "updated_at") VALUES ($1, $2, $3) RETURNING "id"  [["pacote", "<0000>"], ["created_at", "2016-06-09 10:54:13.567895"], ["updated_at", "2016-06-09 10:54:13.567895"]]
D, [2016-06-09T10:54:13.588215 #5694] DEBUG -- :   [1m[36m (15.5ms)[0m  [1mCOMMIT[0m
D, [2016-06-09T10:54:23.697443 #5694] DEBUG -- :   [1m[35m (0.2ms)[0m  BEGIN
D, [2016-06-09T10:54:23.698732 #5694] DEBUG -- :   [1m[36mSQL (0.4ms)[0m  [1mINSERT INTO "raws" ("pacote", "created_at", "updated_at") VALUES ($1, $2, $3) RETURNING "id"[0m  [["pacote", "<0028>"], ["created_at", "2016-06-09 10:54:23.697620"], ["updated_at", "2016-06-09 10:54:23.697620"]]
D, [2016-06-09T10:54:23.714678 #5694] DEBUG -- :   [1m[35m (15.5ms)[0m  COMMIT
D, [2016-06-09T10:54:28.610767 #5694] DEBUG -- :   [1m[36m (0.2ms)[0m  [1mBEGIN[0m
D, [2016-06-09T10:54:28.612058 #5694] DEBUG -- :   [1m[35mSQL (0.3ms)[0m  INSERT INTO "raws" ("pacote", "created_at", "updated_at") VALUES ($1, $2, $3) RETURNING "id"  [["pacote", "<0021>"], ["created_at", "2016-06-09 10:54:28.610951"], ["updated_at", "2016-06-09 10:54:28.610951"]]
D, [2016-06-09T10:54:28.632886 #5694] DEBUG -- :   [1m[36m (20.4ms)[0m  [1mCOMMIT[0m
D, [2016-06-09T10:54:31.916235 #5694] DEBUG -- :   [1m[35m (0.2ms)[0m  BEGIN
D, [2016-06-09T10:54:31.917408 #5694] DEBUG -- :   [1m[36mSQL (0.3ms)[0m  [1mINSERT INTO "raws" ("pacote", "created_at", "updated_at") VALUES ($1, $2, $3) RETURNING "id"[0m  [["pacote", "<0021>"], ["created_at", "2016-06-09 10:54:31.916399"], ["updated_at", "2016-06-09 10:54:31.916399"]]
D, [2016-06-09T10:54:31.919962 #5694] DEBUG -- :   [1m[35m (2.1ms)[0m  COMMIT
D, [2016-06-09T10:54:43.570527 #5697] DEBUG -- :   [1m[36mSaida Load (0.8ms)[0m  [1mSELECT  "saidas".* FROM "saidas" WHERE (cancelado = 'f' and data_processamento is NULL)  ORDER BY "saidas"."id" ASC LIMIT 1[0m
D, [2016-06-09T10:55:13.596426 #5697] DEBUG -- :   [1m[35mSaida Load (0.6ms)[0m  SELECT  "saidas".* FROM "saidas" WHERE (cancelado = 'f' and data_processamento is NULL)  ORDER BY "saidas"."id" ASC LIMIT 1
D, [2016-06-09T10:55:20.582689 #5694] DEBUG -- :   [1m[36m (0.2ms)[0m  [1mBEGIN[0m
D, [2016-06-09T10:55:20.583965 #5694] DEBUG -- :   [1m[35mSQL (0.4ms)[0m  INSERT INTO "raws" ("pacote", "created_at", "updated_at") VALUES ($1, $2, $3) RETURNING "id"  [["pacote", "<0028>"], ["created_at", "2016-06-09 10:55:20.582874"], ["updated_at", "2016-06-09 10:55:20.582874"]]
D, [2016-06-09T10:55:20.597694 #5694] DEBUG -- :   [1m[36m (13.3ms)[0m  [1mCOMMIT[0m
D, [2016-06-09T10:55:31.572926 #5694] DEBUG -- :   [1m[35m (0.2ms)[0m  BEGIN
D, [2016-06-09T10:55:31.574348 #5694] DEBUG -- :   [1m[36mSQL (0.4ms)[0m  [1mINSERT INTO "raws" ("pacote", "created_at", "updated_at") VALUES ($1, $2, $3) RETURNING "id"[0m  [["pacote", "<00280087D884808081828102000000010000006767674101010101C6AFFFCDFFFFFFFF76>"], ["created_at", "2016-06-09 10:55:31.573099"], ["updated_at", "2016-06-09 10:55:31.573099"]]
D, [2016-06-09T10:55:31.593537 #5694] DEBUG -- :   [1m[35m (18.7ms)[0m  COMMIT
D, [2016-06-09T10:55:31.651431 #5694] DEBUG -- :   [1m[36mTelemetria Load (15.1ms)[0m  [1mSELECT  "telemetria".* FROM "telemetria" WHERE "telemetria"."codigo" = $1 LIMIT 1[0m  [["codigo", 28]]
I, [2016-06-09T10:55:31.651901 #5694]  INFO -- : Pacote persistido!! A telemetria ID 0028 Não cadastrada no sistema!
D, [2016-06-09T10:55:43.600969 #5697] DEBUG -- :   [1m[36mSaida Load (0.5ms)[0m  [1mSELECT  "saidas".* FROM "saidas" WHERE (cancelado = 'f' and data_processamento is NULL)  ORDER BY "saidas"."id" ASC LIMIT 1[0m
D, [2016-06-09T10:55:47.550532 #5694] DEBUG -- :   [1m[35m (0.2ms)[0m  BEGIN
D, [2016-06-09T10:55:47.551845 #5694] DEBUG -- :   [1m[36mSQL (0.3ms)[0m  [1mINSERT INTO "raws" ("pacote", "created_at", "updated_at") VALUES ($1, $2, $3) RETURNING "id"[0m  [["pacote", "<00280186D781808181818101010000000001006767674101010101C6A70008803F00000000FFC9FFFFFFFF72>"], ["created_at", "2016-06-09 10:55:47.550755"], ["updated_at", "2016-06-09 10:55:47.550755"]]
D, [2016-06-09T10:55:47.565454 #5694] DEBUG -- :   [1m[35m (13.1ms)[0m  COMMIT
D, [2016-06-09T10:55:47.567408 #5694] DEBUG -- :   [1m[36mTelemetria Load (0.4ms)[0m  [1mSELECT  "telemetria".* FROM "telemetria" WHERE "telemetria"."codigo" = $1 LIMIT 1[0m  [["codigo", 28]]
I, [2016-06-09T10:55:47.567776 #5694]  INFO -- : Pacote persistido!! A telemetria ID 0028 Não cadastrada no sistema!
D, [2016-06-09T10:56:01.606877 #5694] DEBUG -- :   [1m[35m (0.2ms)[0m  BEGIN
D, [2016-06-09T10:56:01.608135 #5694] DEBUG -- :   [1m[36mSQL (0.3ms)[0m  [1mINSERT INTO "raws" ("pacote", "created_at", "updated_at") VALUES ($1, $2, $3) RETURNING "id"[0m  [["pacote", "<002803005E007F000096200000000000000000000000000000000000000000000000001C33007F600000008C140F223521C610890000000000000000000F0F00000F0F0F0F0FA1F5F52200B4402D37E98915CC2D37E98915CC6F6A6315CC71>"], ["created_at", "2016-06-09 10:56:01.607064"], ["updated_at", "2016-06-09 10:56:01.607064"]]
D, [2016-06-09T10:56:01.624814 #5694] DEBUG -- :   [1m[35m (16.3ms)[0m  COMMIT
D, [2016-06-09T10:56:13.606328 #5697] DEBUG -- :   [1m[35mSaida Load (0.5ms)[0m  SELECT  "saidas".* FROM "saidas" WHERE (cancelado = 'f' and data_processamento is NULL)  ORDER BY "saidas"."id" ASC LIMIT 1
D, [2016-06-09T10:56:34.113151 #5694] DEBUG -- :   [1m[36m (0.2ms)[0m  [1mBEGIN[0m
D, [2016-06-09T10:56:34.114362 #5694] DEBUG -- :   [1m[35mSQL (0.3ms)[0m  INSERT INTO "raws" ("pacote", "created_at", "updated_at") VALUES ($1, $2, $3) RETURNING "id"  [["pacote", "<00280486D880808180818101000101000000006767674001010101C6AF0008801500000000FFCB88FF20FF77>"], ["created_at", "2016-06-09 10:56:34.113365"], ["updated_at", "2016-06-09 10:56:34.113365"]]
D, [2016-06-09T10:56:34.131874 #5694] DEBUG -- :   [1m[36m (17.1ms)[0m  [1mCOMMIT[0m
D, [2016-06-09T10:56:34.133002 #5694] DEBUG -- :   [1m[35mTelemetria Load (0.4ms)[0m  SELECT  "telemetria".* FROM "telemetria" WHERE "telemetria"."codigo" = $1 LIMIT 1  [["codigo", 28]]
D, [2016-06-09T10:56:43.620000 #5697] DEBUG -- :   [1m[36mSaida Load (0.6ms)[0m  [1mSELECT  "saidas".* FROM "saidas" WHERE (cancelado = 'f' and data_processamento is NULL)  ORDER BY "saidas"."id" ASC LIMIT 1[0m
D, [2016-06-09T10:56:55.681979 #5694] DEBUG -- :   [1m[36m (0.2ms)[0m  [1mBEGIN[0m
D, [2016-06-09T10:56:55.683213 #5694] DEBUG -- :   [1m[35mSQL (0.4ms)[0m  INSERT INTO "raws" ("pacote", "created_at", "updated_at") VALUES ($1, $2, $3) RETURNING "id"  [["pacote", "<00280486D880808180818101000101000000006767674001010101C6AF0008801500000000FFCB88FF20FF77>"], ["created_at", "2016-06-09 10:56:55.682152"], ["updated_at", "2016-06-09 10:56:55.682152"]]
D, [2016-06-09T10:56:55.701130 #5694] DEBUG -- :   [1m[36m (17.4ms)[0m  [1mCOMMIT[0m
D, [2016-06-09T10:56:55.702300 #5694] DEBUG -- :   [1m[35mTelemetria Load (0.3ms)[0m  SELECT  "telemetria".* FROM "telemetria" WHERE "telemetria"."codigo" = $1 LIMIT 1  [["codigo", 28]]
D, [2016-06-09T10:57:13.651686 #5697] DEBUG -- :   [1m[35mSaida Load (0.6ms)[0m  SELECT  "saidas".* FROM "saidas" WHERE (cancelado = 'f' and data_processamento is NULL)  ORDER BY "saidas"."id" ASC LIMIT 1
D, [2016-06-09T10:57:22.419415 #5694] DEBUG -- :   [1m[36m (0.2ms)[0m  [1mBEGIN[0m
D, [2016-06-09T10:57:22.420610 #5694] DEBUG -- :   [1m[35mSQL (0.3ms)[0m  INSERT INTO "raws" ("pacote", "created_at", "updated_at") VALUES ($1, $2, $3) RETURNING "id"  [["pacote", "<00280586D8807F8180838002010001000000016767684001010101C6AF0008801700000000FFCB88FF20FF74>"], ["created_at", "2016-06-09 10:57:22.419588"], ["updated_at", "2016-06-09 10:57:22.419588"]]
D, [2016-06-09T10:57:22.437077 #5694] DEBUG -- :   [1m[36m (16.0ms)[0m  [1mCOMMIT[0m
D, [2016-06-09T10:57:22.438786 #5694] DEBUG -- :   [1m[35mTelemetria Load (0.4ms)[0m  SELECT  "telemetria".* FROM "telemetria" WHERE "telemetria"."codigo" = $1 LIMIT 1  [["codigo", 28]]
I, [2016-06-09T10:57:22.439236 #5694]  INFO -- : Pacote persistido!! A telemetria ID 0028 Não cadastrada no sistema!
D, [2016-06-09T10:57:34.220909 #5694] DEBUG -- :   [1m[36m (0.2ms)[0m  [1mBEGIN[0m
D, [2016-06-09T10:57:34.222144 #5694] DEBUG -- :   [1m[35mSQL (0.3ms)[0m  INSERT INTO "raws" ("pacote", "created_at", "updated_at") VALUES ($1, $2, $3) RETURNING "id"  [["pacote", "<00280884D880808182838000000000000001006766674101010101C6A6000ED5FF00002000FFCDFFFFFFFF79>"], ["created_at", "2016-06-09 10:57:34.221083"], ["updated_at", "2016-06-09 10:57:34.221083"]]
D, [2016-06-09T10:57:34.235831 #5694] DEBUG -- :   [1m[36m (13.2ms)[0m  [1mCOMMIT[0m
D, [2016-06-09T10:57:34.237484 #5694] DEBUG -- :   [1m[35mTelemetria Load (0.4ms)[0m  SELECT  "telemetria".* FROM "telemetria" WHERE "telemetria"."codigo" = $1 LIMIT 1  [["codigo", 28]]
I, [2016-06-09T10:57:34.237814 #5694]  INFO -- : Pacote persistido!! A telemetria ID 0028 Não cadastrada no sistema!
D, [2016-06-09T10:57:43.683433 #5697] DEBUG -- :   [1m[36mSaida Load (0.6ms)[0m  [1mSELECT  "saidas".* FROM "saidas" WHERE (cancelado = 'f' and data_processamento is NULL)  ORDER BY "saidas"."id" ASC LIMIT 1[0m
D, [2016-06-09T10:57:50.099698 #5694] DEBUG -- :   [1m[36m (0.2ms)[0m  [1mBEGIN[0m
D, [2016-06-09T10:57:50.100881 #5694] DEBUG -- :   [1m[35mSQL (0.3ms)[0m  INSERT INTO "raws" ("pacote", "created_at", "updated_at") VALUES ($1, $2, $3) RETURNING "id"  [["pacote", "<00280986D880808181828100010100000000006767674101010101C6AF0008801700000000FFCB88FF20FF7A>"], ["created_at", "2016-06-09 10:57:50.099870"], ["updated_at", "2016-06-09 10:57:50.099870"]]
D, [2016-06-09T10:57:50.116847 #5694] DEBUG -- :   [1m[36m (15.4ms)[0m  [1mCOMMIT[0m
D, [2016-06-09T10:57:50.118664 #5694] DEBUG -- :   [1m[35mTelemetria Load (0.3ms)[0m  SELECT  "telemetria".* FROM "telemetria" WHERE "telemetria"."codigo" = $1 LIMIT 1  [["codigo", 28]]
I, [2016-06-09T10:57:50.119024 #5694]  INFO -- : Pacote persistido!! A telemetria ID 0028 Não cadastrada no sistema!
D, [2016-06-09T10:58:08.469356 #5694] DEBUG -- :   [1m[36m (0.2ms)[0m  [1mBEGIN[0m
D, [2016-06-09T10:58:08.470541 #5694] DEBUG -- :   [1m[35mSQL (0.3ms)[0m  INSERT INTO "raws" ("pacote", "created_at", "updated_at") VALUES ($1, $2, $3) RETURNING "id"  [["pacote", "<5555>"], ["created_at", "2016-06-09 10:58:08.469528"], ["updated_at", "2016-06-09 10:58:08.469528"]]
D, [2016-06-09T10:58:08.489992 #5694] DEBUG -- :   [1m[36m (19.0ms)[0m  [1mCOMMIT[0m
D, [2016-06-09T10:58:13.103310 #5694] DEBUG -- :   [1m[35m (0.2ms)[0m  BEGIN
D, [2016-06-09T10:58:13.104577 #5694] DEBUG -- :   [1m[36mSQL (0.3ms)[0m  [1mINSERT INTO "raws" ("pacote", "created_at", "updated_at") VALUES ($1, $2, $3) RETURNING "id"[0m  [["pacote", "<0000>"], ["created_at", "2016-06-09 10:58:13.103483"], ["updated_at", "2016-06-09 10:58:13.103483"]]
D, [2016-06-09T10:58:13.118391 #5694] DEBUG -- :   [1m[35m (13.4ms)[0m  COMMIT
D, [2016-06-09T10:58:13.705979 #5697] DEBUG -- :   [1m[35mSaida Load (0.6ms)[0m  SELECT  "saidas".* FROM "saidas" WHERE (cancelado = 'f' and data_processamento is NULL)  ORDER BY "saidas"."id" ASC LIMIT 1
D, [2016-06-09T10:58:24.092264 #5694] DEBUG -- :   [1m[36m (0.1ms)[0m  [1mBEGIN[0m
D, [2016-06-09T10:58:24.102091 #5694] DEBUG -- :   [1m[35mSQL (8.2ms)[0m  INSERT INTO "saidas" ("deleted", "cancelado", "codigo_equipamento", "tentativa", "tipo_comando", "created_at", "updated_at") VALUES ($1, $2, $3, $4, $5, $6, $7) RETURNING "id"  [["deleted", "f"], ["cancelado", "f"], ["codigo_equipamento", "9999"], ["tentativa", "0"], ["tipo_comando", "4"], ["created_at", "2016-06-09 10:58:24.092501"], ["updated_at", "2016-06-09 10:58:24.092501"]]
D, [2016-06-09T10:58:24.122458 #5694] DEBUG -- :   [1m[36m (19.7ms)[0m  [1mCOMMIT[0m
D, [2016-06-09T10:58:24.123154 #5694] DEBUG -- :   [1m[35m (0.2ms)[0m  BEGIN
D, [2016-06-09T10:58:24.124300 #5694] DEBUG -- :   [1m[36mSQL (0.3ms)[0m  [1mINSERT INTO "raws" ("pacote", "created_at", "updated_at") VALUES ($1, $2, $3) RETURNING "id"[0m  [["pacote", "<0000xxxx>"], ["created_at", "2016-06-09 10:58:24.123304"], ["updated_at", "2016-06-09 10:58:24.123304"]]
D, [2016-06-09T10:58:24.180334 #5694] DEBUG -- :   [1m[35m (55.7ms)[0m  COMMIT
D, [2016-06-09T10:58:43.708496 #5697] DEBUG -- :   [1m[36mSaida Load (0.7ms)[0m  [1mSELECT  "saidas".* FROM "saidas" WHERE (cancelado = 'f' and data_processamento is NULL)  ORDER BY "saidas"."id" ASC LIMIT 1[0m
D, [2016-06-09T10:58:43.729611 #5697] DEBUG -- :   [1m[35m (0.2ms)[0m  BEGIN
D, [2016-06-09T10:58:43.737562 #5697] DEBUG -- :   [1m[36mSQL (0.4ms)[0m  [1mUPDATE "saidas" SET "tentativa" = $1, "updated_at" = $2 WHERE "saidas"."id" = $3[0m  [["tentativa", "1"], ["updated_at", "2016-06-09 10:58:43.732331"], ["id", 1]]
D, [2016-06-09T10:58:43.754126 #5697] DEBUG -- :   [1m[35m (16.0ms)[0m  COMMIT
D, [2016-06-09T10:58:43.754704 #5697] DEBUG -- :   [1m[36m (0.2ms)[0m  [1mBEGIN[0m
D, [2016-06-09T10:58:43.756457 #5697] DEBUG -- :   [1m[35mSQL (0.3ms)[0m  UPDATE "saidas" SET "data_processamento" = $1, "updated_at" = $2 WHERE "saidas"."id" = $3  [["data_processamento", "2016-06-09"], ["updated_at", "2016-06-09 10:58:43.755137"], ["id", 1]]
D, [2016-06-09T10:58:43.762423 #5697] DEBUG -- :   [1m[36m (5.6ms)[0m  [1mCOMMIT[0m
D, [2016-06-09T10:58:43.763497 #5694] DEBUG -- :   [1m[36m (0.2ms)[0m  [1mBEGIN[0m
D, [2016-06-09T10:58:43.764522 #5694] DEBUG -- :   [1m[35mSQL (0.3ms)[0m  INSERT INTO "raws" ("pacote", "created_at", "updated_at") VALUES ($1, $2, $3) RETURNING "id"  [["pacote", "<0000999902FFFF>"], ["created_at", "2016-06-09 10:58:43.763644"], ["updated_at", "2016-06-09 10:58:43.763644"]]
D, [2016-06-09T10:58:43.787350 #5694] DEBUG -- :   [1m[36m (22.4ms)[0m  [1mCOMMIT[0m
D, [2016-06-09T10:59:13.794030 #5697] DEBUG -- :   [1m[35mSaida Load (0.6ms)[0m  SELECT  "saidas".* FROM "saidas" WHERE (cancelado = 'f' and data_processamento is NULL)  ORDER BY "saidas"."id" ASC LIMIT 1
D, [2016-06-09T10:59:43.817346 #5697] DEBUG -- :   [1m[36mSaida Load (0.6ms)[0m  [1mSELECT  "saidas".* FROM "saidas" WHERE (cancelado = 'f' and data_processamento is NULL)  ORDER BY "saidas"."id" ASC LIMIT 1[0m
D, [2016-06-09T11:00:13.849007 #5697] DEBUG -- :   [1m[35mSaida Load (0.6ms)[0m  SELECT  "saidas".* FROM "saidas" WHERE (cancelado = 'f' and data_processamento is NULL)  ORDER BY "saidas"."id" ASC LIMIT 1
D, [2016-06-09T11:00:43.872909 #5697] DEBUG -- :   [1m[36mSaida Load (0.6ms)[0m  [1mSELECT  "saidas".* FROM "saidas" WHERE (cancelado = 'f' and data_processamento is NULL)  ORDER BY "saidas"."id" ASC LIMIT 1[0m
D, [2016-06-09T11:01:13.904630 #5697] DEBUG -- :   [1m[35mSaida Load (0.5ms)[0m  SELECT  "saidas".* FROM "saidas" WHERE (cancelado = 'f' and data_processamento is NULL)  ORDER BY "saidas"."id" ASC LIMIT 1
D, [2016-06-09T11:01:43.936379 #5697] DEBUG -- :   [1m[36mSaida Load (0.6ms)[0m  [1mSELECT  "saidas".* FROM "saidas" WHERE (cancelado = 'f' and data_processamento is NULL)  ORDER BY "saidas"."id" ASC LIMIT 1[0m
D, [2016-06-09T11:02:13.968012 #5697] DEBUG -- :   [1m[35mSaida Load (0.6ms)[0m  SELECT  "saidas".* FROM "saidas" WHERE (cancelado = 'f' and data_processamento is NULL)  ORDER BY "saidas"."id" ASC LIMIT 1
D, [2016-06-09T11:02:43.999763 #5697] DEBUG -- :   [1m[36mSaida Load (0.6ms)[0m  [1mSELECT  "saidas".* FROM "saidas" WHERE (cancelado = 'f' and data_processamento is NULL)  ORDER BY "saidas"."id" ASC LIMIT 1[0m
D, [2016-06-09T11:03:14.001818 #5697] DEBUG -- :   [1m[35mSaida Load (0.6ms)[0m  SELECT  "saidas".* FROM "saidas" WHERE (cancelado = 'f' and data_processamento is NULL)  ORDER BY "saidas"."id" ASC LIMIT 1
D, [2016-06-09T11:03:44.033497 #5697] DEBUG -- :   [1m[36mSaida Load (0.6ms)[0m  [1mSELECT  "saidas".* FROM "saidas" WHERE (cancelado = 'f' and data_processamento is NULL)  ORDER BY "saidas"."id" ASC LIMIT 1[0m
D, [2016-06-09T11:04:14.065113 #5697] DEBUG -- :   [1m[35mSaida Load (0.6ms)[0m  SELECT  "saidas".* FROM "saidas" WHERE (cancelado = 'f' and data_processamento is NULL)  ORDER BY "saidas"."id" ASC LIMIT 1
D, [2016-06-09T11:04:44.081666 #5697] DEBUG -- :   [1m[36mSaida Load (0.6ms)[0m  [1mSELECT  "saidas".* FROM "saidas" WHERE (cancelado = 'f' and data_processamento is NULL)  ORDER BY "saidas"."id" ASC LIMIT 1[0m
D, [2016-06-09T11:05:12.174406 #5769] DEBUG -- :   [1m[36m (0.2ms)[0m  [1mBEGIN[0m
D, [2016-06-09T11:05:12.180539 #5769] DEBUG -- :   [1m[35mSQL (0.5ms)[0m  INSERT INTO "saidas" ("deleted", "cancelado", "codigo_equipamento", "tentativa", "tipo_comando", "created_at", "updated_at") VALUES ($1, $2, $3, $4, $5, $6, $7) RETURNING "id"  [["deleted", "f"], ["cancelado", "f"], ["codigo_equipamento", "9999"], ["tentativa", "0"], ["tipo_comando", "4"], ["created_at", "2016-06-09 11:05:12.176374"], ["updated_at", "2016-06-09 11:05:12.176374"]]
D, [2016-06-09T11:05:12.198757 #5769] DEBUG -- :   [1m[36m (17.6ms)[0m  [1mCOMMIT[0m
D, [2016-06-09T11:05:25.233525 #5769] DEBUG -- :   [1m[35m (0.2ms)[0m  BEGIN
D, [2016-06-09T11:05:25.235483 #5769] DEBUG -- :   [1m[36mSQL (0.5ms)[0m  [1mINSERT INTO "raws" ("pacote", "created_at", "updated_at") VALUES ($1, $2, $3) RETURNING "id"[0m  [["pacote", "<0028>"], ["created_at", "2016-06-09 11:05:25.233774"], ["updated_at", "2016-06-09 11:05:25.233774"]]
D, [2016-06-09T11:05:25.256266 #5769] DEBUG -- :   [1m[35m (20.2ms)[0m  COMMIT
D, [2016-06-09T11:05:29.960969 #5772] DEBUG -- :   [1m[36mSaida Load (1.0ms)[0m  [1mSELECT  "saidas".* FROM "saidas" WHERE (cancelado = 'f' and data_processamento is NULL)  ORDER BY "saidas"."id" ASC LIMIT 1[0m
D, [2016-06-09T11:05:29.971115 #5772] DEBUG -- :   [1m[35m (0.2ms)[0m  BEGIN
D, [2016-06-09T11:05:29.977420 #5772] DEBUG -- :   [1m[36mSQL (0.4ms)[0m  [1mUPDATE "saidas" SET "tentativa" = $1, "updated_at" = $2 WHERE "saidas"."id" = $3[0m  [["tentativa", "1"], ["updated_at", "2016-06-09 11:05:29.973048"], ["id", 2]]
D, [2016-06-09T11:05:29.992284 #5772] DEBUG -- :   [1m[35m (14.5ms)[0m  COMMIT
D, [2016-06-09T11:05:29.992686 #5772] DEBUG -- :   [1m[36m (0.2ms)[0m  [1mBEGIN[0m
D, [2016-06-09T11:05:29.994155 #5772] DEBUG -- :   [1m[35mSQL (0.3ms)[0m  UPDATE "saidas" SET "data_processamento" = $1, "updated_at" = $2 WHERE "saidas"."id" = $3  [["data_processamento", "2016-06-09"], ["updated_at", "2016-06-09 11:05:29.992983"], ["id", 2]]
D, [2016-06-09T11:05:30.000583 #5772] DEBUG -- :   [1m[36m (6.2ms)[0m  [1mCOMMIT[0m
D, [2016-06-09T11:06:00.032190 #5772] DEBUG -- :   [1m[35mSaida Load (0.6ms)[0m  SELECT  "saidas".* FROM "saidas" WHERE (cancelado = 'f' and data_processamento is NULL)  ORDER BY "saidas"."id" ASC LIMIT 1
D, [2016-06-09T11:06:30.063872 #5772] DEBUG -- :   [1m[36mSaida Load (0.6ms)[0m  [1mSELECT  "saidas".* FROM "saidas" WHERE (cancelado = 'f' and data_processamento is NULL)  ORDER BY "saidas"."id" ASC LIMIT 1[0m
D, [2016-06-09T11:07:00.095635 #5772] DEBUG -- :   [1m[35mSaida Load (0.6ms)[0m  SELECT  "saidas".* FROM "saidas" WHERE (cancelado = 'f' and data_processamento is NULL)  ORDER BY "saidas"."id" ASC LIMIT 1
D, [2016-06-09T11:07:30.124758 #5772] DEBUG -- :   [1m[36mSaida Load (0.6ms)[0m  [1mSELECT  "saidas".* FROM "saidas" WHERE (cancelado = 'f' and data_processamento is NULL)  ORDER BY "saidas"."id" ASC LIMIT 1[0m
D, [2016-06-09T11:08:00.156427 #5772] DEBUG -- :   [1m[35mSaida Load (0.6ms)[0m  SELECT  "saidas".* FROM "saidas" WHERE (cancelado = 'f' and data_processamento is NULL)  ORDER BY "saidas"."id" ASC LIMIT 1
D, [2016-06-09T11:08:30.178632 #5772] DEBUG -- :   [1m[36mSaida Load (0.6ms)[0m  [1mSELECT  "saidas".* FROM "saidas" WHERE (cancelado = 'f' and data_processamento is NULL)  ORDER BY "saidas"."id" ASC LIMIT 1[0m
D, [2016-06-09T11:09:00.198485 #5772] DEBUG -- :   [1m[35mSaida Load (0.6ms)[0m  SELECT  "saidas".* FROM "saidas" WHERE (cancelado = 'f' and data_processamento is NULL)  ORDER BY "saidas"."id" ASC LIMIT 1
D, [2016-06-09T11:09:30.230133 #5772] DEBUG -- :   [1m[36mSaida Load (0.6ms)[0m  [1mSELECT  "saidas".* FROM "saidas" WHERE (cancelado = 'f' and data_processamento is NULL)  ORDER BY "saidas"."id" ASC LIMIT 1[0m
D, [2016-06-09T11:09:39.663994 #5769] DEBUG -- :   [1m[36m (0.2ms)[0m  [1mBEGIN[0m
D, [2016-06-09T11:09:39.665369 #5769] DEBUG -- :   [1m[35mSQL (0.4ms)[0m  INSERT INTO "raws" ("pacote", "created_at", "updated_at") VALUES ($1, $2, $3) RETURNING "id"  [["pacote", "<00280986D880808181828100010100000000006767674101010101C6AF0008801700000000FFCB88FF20FF7A>"], ["created_at", "2016-06-09 11:09:39.664171"], ["updated_at", "2016-06-09 11:09:39.664171"]]
D, [2016-06-09T11:09:39.673746 #5769] DEBUG -- :   [1m[36m (7.9ms)[0m  [1mCOMMIT[0m
D, [2016-06-09T11:09:39.682675 #5769] DEBUG -- :   [1m[35mTelemetria Load (0.5ms)[0m  SELECT  "telemetria".* FROM "telemetria" WHERE "telemetria"."codigo" = $1 LIMIT 1  [["codigo", 28]]
I, [2016-06-09T11:09:39.683233 #5769]  INFO -- : Pacote persistido!! A telemetria ID 0028 Não cadastrada no sistema!
D, [2016-06-09T11:10:00.254555 #5772] DEBUG -- :   [1m[35mSaida Load (0.6ms)[0m  SELECT  "saidas".* FROM "saidas" WHERE (cancelado = 'f' and data_processamento is NULL)  ORDER BY "saidas"."id" ASC LIMIT 1
